[+] Containers:
 |- [+] Container: /Game/Football/Maps/ThirdPersonMap
 |   |- [+] ActorDescs:
 |   |   |- Guid:0332FE6C47B8EB9983E5DF864B746947 NativeClass:/Script/Engine.StaticMeshActor Name:StaticMeshActor_UAID_2CF05DA58686B57502_1990536907 Label:SM_Cube8 SpatiallyLoaded:true EditorBounds:IsValid=true, Min=(X=2900.000 Y=2124.646 Z=0.000), Max=(X=3000.000 Y=3414.569 Z=400.000) RuntimeBounds:IsValid=true, Min=(X=2900.000 Y=2124.646 Z=0.000), Max=(X=3000.000 Y=3414.569 Z=400.000) RuntimeGrid:None EditorOnly:false RuntimeOnly:false HLODRelevant:true ListedInSceneOutliner:true IsMainWorldOnly:false FolderPath:Playground FolderGuid:C73F09FC4215536B1DCE2A9E0A830C70
 |   |   |- Guid:22103E49435E386FF05FC1ADC07B0BCF BaseClass:/Game/Football/Blueprints/BP_GoalPost.BP_GoalPost_C NativeClass:/Script/Engine.Actor Name:BP_GoalPost_C_UAID_2CF05DA58686B67502_1146342086 Label:BP_GoalPost2 SpatiallyLoaded:true EditorBounds:IsValid=true, Min=(X=-116.870 Y=1332.321 Z=0.063), Max=(X=83.130 Y=2132.321 Z=400.063) RuntimeBounds:IsValid=true, Min=(X=-116.870 Y=1332.321 Z=0.063), Max=(X=83.130 Y=2132.321 Z=400.063) RuntimeGrid:None EditorOnly:false RuntimeOnly:false HLODRelevant:false ListedInSceneOutliner:true IsMainWorldOnly:false
 |   |   |- Guid:2FB58999456391D349DC0F86DAC136ED NativeClass:/Script/Engine.SkyLight Name:SkyLight_1 Label:SkyLight SpatiallyLoaded:false EditorBounds:IsValid=true, Min=(X=-1.000 Y=-1.000 Z=-1.000), Max=(X=1.000 Y=1.000 Z=690.000) RuntimeBounds:IsValid=true, Min=(X=0.000 Y=0.000 Z=690.000), Max=(X=0.000 Y=0.000 Z=690.000) RuntimeGrid:None EditorOnly:false RuntimeOnly:false HLODRelevant:false ListedInSceneOutliner:true IsMainWorldOnly:false FolderPath:Lighting FolderGuid:963EC3EB4002CCE9759E2EBA541A873A
 |   |   |- Guid:316CF2A6494ACA4C0E4180A87D36AB8F NativeClass:/Script/Engine.ExponentialHeightFog Name:ExponentialHeightFog_0 Label:ExponentialHeightFog SpatiallyLoaded:false EditorBounds:IsValid=true, Min=(X=-5728.000 Y=-178.000 Z=-6978.000), Max=(X=-5472.000 Y=78.000 Z=-6722.000) RuntimeBounds:IsValid=true, Min=(X=-5600.000 Y=-50.000 Z=-6850.000), Max=(X=-5600.000 Y=-50.000 Z=-6850.000) RuntimeGrid:None EditorOnly:false RuntimeOnly:false HLODRelevant:false ListedInSceneOutliner:true IsMainWorldOnly:false FolderPath:Lighting FolderGuid:963EC3EB4002CCE9759E2EBA541A873A
 |   |   |- Guid:3685AD8F4E28CC199ACEAABCF569C238 NativeClass:/Script/Engine.PlayerStart Name:PlayerStart_UAID_2CF05DA58686B47502_1912463727 Label:PlayerStart2 SpatiallyLoaded:false EditorBounds:IsValid=true, Min=(X=1332.000 Y=2072.000 Z=-35.987), Max=(X=1700.000 Y=2328.000 Z=220.013) RuntimeBounds:IsValid=true, Min=(X=1420.000 Y=2160.000 Z=0.013), Max=(X=1500.000 Y=2240.000 Z=184.013) RuntimeGrid:None EditorOnly:false RuntimeOnly:false HLODRelevant:false ListedInSceneOutliner:true IsMainWorldOnly:false
 |   |   |- Guid:3A00AA1C422CE54C0BDB60BAF471BFBB NativeClass:/Script/Engine.PlayerStart Name:PlayerStart_0 Label:PlayerStart SpatiallyLoaded:false EditorBounds:IsValid=true, Min=(X=1332.000 Y=982.000 Z=-35.987), Max=(X=1700.000 Y=1238.000 Z=220.013) RuntimeBounds:IsValid=true, Min=(X=1420.000 Y=1070.000 Z=0.013), Max=(X=1500.000 Y=1150.000 Z=184.013) RuntimeGrid:None EditorOnly:false RuntimeOnly:false HLODRelevant:false ListedInSceneOutliner:true IsMainWorldOnly:false
 |   |   |- Guid:43815E84492231AFC407F59E3C28176B NativeClass:/Script/Engine.StaticMeshActor Name:StaticMeshActor_4 Label:SM_Cube6 SpatiallyLoaded:true EditorBounds:IsValid=true, Min=(X=2900.000 Y=100.000 Z=0.000), Max=(X=3000.000 Y=1336.831 Z=400.000) RuntimeBounds:IsValid=true, Min=(X=2900.000 Y=100.000 Z=0.000), Max=(X=3000.000 Y=1336.831 Z=400.000) RuntimeGrid:None EditorOnly:false RuntimeOnly:false HLODRelevant:true ListedInSceneOutliner:true IsMainWorldOnly:false FolderPath:Playground FolderGuid:C73F09FC4215536B1DCE2A9E0A830C70
 |   |   |- Guid:4D3BE93F4146AAAC8BBE79999D96D57F NativeClass:/Script/Engine.VolumetricCloud Name:VolumetricCloud_0 Label:VolumetricCloud SpatiallyLoaded:false EditorBounds:IsValid=true, Min=(X=-128.000 Y=-128.000 Z=692.000), Max=(X=128.000 Y=128.000 Z=948.000) RuntimeBounds:IsValid=true, Min=(X=0.000 Y=0.000 Z=820.000), Max=(X=0.000 Y=0.000 Z=820.000) RuntimeGrid:None EditorOnly:false RuntimeOnly:false HLODRelevant:false ListedInSceneOutliner:true IsMainWorldOnly:false FolderPath:Lighting FolderGuid:963EC3EB4002CCE9759E2EBA541A873A
 |   |   |- Guid:6BAF4DDD444C60371492D3919DB42C97 NativeClass:/Script/Engine.WorldDataLayers Name:WorldDataLayers Label:WorldDataLayers SpatiallyLoaded:false EditorBounds:IsValid=false, Min=(X=0.000 Y=0.000 Z=0.000), Max=(X=0.000 Y=0.000 Z=0.000) RuntimeBounds:IsValid=false, Min=(X=0.000 Y=0.000 Z=0.000), Max=(X=0.000 Y=0.000 Z=0.000) RuntimeGrid:None EditorOnly:false RuntimeOnly:false HLODRelevant:false ListedInSceneOutliner:true IsMainWorldOnly:true
 |   |   |- Guid:A56216954B2165CF0F35A886B537D536 NativeClass:/Script/Engine.StaticMeshActor Name:StaticMeshActor_0 Label:SM_Cube5 SpatiallyLoaded:true EditorBounds:IsValid=true, Min=(X=-0.000 Y=100.000 Z=0.000), Max=(X=100.000 Y=1339.864 Z=400.000) RuntimeBounds:IsValid=true, Min=(X=-0.000 Y=100.000 Z=0.000), Max=(X=100.000 Y=1339.864 Z=400.000) RuntimeGrid:None EditorOnly:false RuntimeOnly:false HLODRelevant:true ListedInSceneOutliner:true IsMainWorldOnly:false FolderPath:Playground FolderGuid:C73F09FC4215536B1DCE2A9E0A830C70
 |   |   |- Guid:B785ED2844B84CFB91E7F39FE661CD99 NativeClass:/Script/Engine.DirectionalLight Name:DirectionalLight_0 Label:DirectionalLight SpatiallyLoaded:false EditorBounds:IsValid=false, Min=(X=0.000 Y=0.000 Z=0.000), Max=(X=0.000 Y=0.000 Z=0.000) RuntimeBounds:IsValid=false, Min=(X=0.000 Y=0.000 Z=0.000), Max=(X=0.000 Y=0.000 Z=0.000) RuntimeGrid:None EditorOnly:false RuntimeOnly:false HLODRelevant:false ListedInSceneOutliner:true IsMainWorldOnly:false FolderPath:Lighting FolderGuid:963EC3EB4002CCE9759E2EBA541A873A
 |   |   |- Guid:BC08B79C4EA3C961CFF75EBBE83B367D NativeClass:/Script/Engine.StaticMeshActor Name:StaticMeshActor_5 Label:SM_Cube2 SpatiallyLoaded:true EditorBounds:IsValid=true, Min=(X=0.000 Y=0.000 Z=0.000), Max=(X=3000.000 Y=100.000 Z=400.000) RuntimeBounds:IsValid=true, Min=(X=0.000 Y=0.000 Z=0.000), Max=(X=3000.000 Y=100.000 Z=400.000) RuntimeGrid:None EditorOnly:false RuntimeOnly:false HLODRelevant:true ListedInSceneOutliner:true IsMainWorldOnly:false FolderPath:Playground FolderGuid:C73F09FC4215536B1DCE2A9E0A830C70
 |   |   |- Guid:CCFF262C46EEFFDF319E7F9539CE697E NativeClass:/Script/Engine.SkyAtmosphere Name:SkyAtmosphere_0 Label:SkyAtmosphere SpatiallyLoaded:false EditorBounds:IsValid=true, Min=(X=-128.000 Y=-128.000 Z=892.000), Max=(X=240.000 Y=128.000 Z=1148.000) RuntimeBounds:IsValid=true, Min=(X=0.000 Y=0.000 Z=1020.000), Max=(X=0.000 Y=0.000 Z=1020.000) RuntimeGrid:None EditorOnly:false RuntimeOnly:false HLODRelevant:false ListedInSceneOutliner:true IsMainWorldOnly:false FolderPath:Lighting FolderGuid:963EC3EB4002CCE9759E2EBA541A873A
 |   |   |- Guid:D065AB2C417B7E0F358CBEAE1E8D9422 NativeClass:/Script/Engine.StaticMeshActor Name:StaticMeshActor_UAID_2CF05DA58686B57502_1855034906 Label:SM_Cube7 SpatiallyLoaded:true EditorBounds:IsValid=true, Min=(X=-0.000 Y=2133.310 Z=-0.000), Max=(X=100.000 Y=3477.531 Z=400.000) RuntimeBounds:IsValid=true, Min=(X=-0.000 Y=2133.310 Z=-0.000), Max=(X=100.000 Y=3477.531 Z=400.000) RuntimeGrid:None EditorOnly:false RuntimeOnly:false HLODRelevant:true ListedInSceneOutliner:true IsMainWorldOnly:false FolderPath:Playground FolderGuid:C73F09FC4215536B1DCE2A9E0A830C70
 |   |   |- Guid:EAF0CFCB498C91D09B02A1B4DB250EDB BaseClass:/Game/Football/Blueprints/BP_GoalPost.BP_GoalPost_C NativeClass:/Script/Engine.Actor Name:BP_GoalPost_C_UAID_2CF05DA58686B67502_1080945085 Label:BP_GoalPost SpatiallyLoaded:true EditorBounds:IsValid=true, Min=(X=2907.294 Y=1332.321 Z=0.063), Max=(X=3107.294 Y=2132.321 Z=400.063) RuntimeBounds:IsValid=true, Min=(X=2907.294 Y=1332.321 Z=0.063), Max=(X=3107.294 Y=2132.321 Z=400.063) RuntimeGrid:None EditorOnly:false RuntimeOnly:false HLODRelevant:false ListedInSceneOutliner:true IsMainWorldOnly:false
 |   |   |- Guid:EC4E0C944CE6AC6E784BC6BB2916EA13 NativeClass:/Script/Engine.StaticMeshActor Name:StaticMeshActor_UAID_A4AE111137DC5EFB00_1110535423 Label:SM_SkySphere SpatiallyLoaded:false EditorBounds:IsValid=true, Min=(X=-1638400.000 Y=-1638400.000 Z=-1638400.000), Max=(X=1638400.000 Y=1638400.000 Z=1638400.000) RuntimeBounds:IsValid=true, Min=(X=-1638400.000 Y=-1638400.000 Z=-1638400.000), Max=(X=1638400.000 Y=1638400.000 Z=1638400.000) RuntimeGrid:None EditorOnly:false RuntimeOnly:false HLODRelevant:false ListedInSceneOutliner:true IsMainWorldOnly:false FolderPath:Lighting FolderGuid:963EC3EB4002CCE9759E2EBA541A873A
 |   |   |- Guid:EEB1D87F42815BFD9FCF93A2DD8F9B0F BaseClass:/Game/Football/Blueprints/BP_Ball.BP_Ball_C NativeClass:/Script/Engine.Actor Name:BP_Ball_C_UAID_2CF05DA58686B67502_1551845087 Label:BP_Ball SpatiallyLoaded:true EditorBounds:IsValid=true, Min=(X=1501.995 Y=1689.358 Z=221.299), Max=(X=1601.995 Y=1789.358 Z=321.299) RuntimeBounds:IsValid=true, Min=(X=1501.995 Y=1689.358 Z=221.299), Max=(X=1601.995 Y=1789.358 Z=321.299) RuntimeGrid:None EditorOnly:false RuntimeOnly:false HLODRelevant:false ListedInSceneOutliner:true IsMainWorldOnly:false
 |   |   |- Guid:F1924B8D48954B30891B2DB6A694F9CC NativeClass:/Script/Engine.StaticMeshActor Name:StaticMeshActor_1 Label:SM_Cube SpatiallyLoaded:true EditorBounds:IsValid=true, Min=(X=-196.488 Y=-101.733 Z=-50.000), Max=(X=3252.430 Y=3638.067 Z=0.000) RuntimeBounds:IsValid=true, Min=(X=-196.488 Y=-101.733 Z=-50.000), Max=(X=3252.430 Y=3638.067 Z=0.000) RuntimeGrid:None EditorOnly:false RuntimeOnly:false HLODRelevant:true ListedInSceneOutliner:true IsMainWorldOnly:false FolderPath:Playground FolderGuid:C73F09FC4215536B1DCE2A9E0A830C70
 |   |   |- Guid:F5E3FEB3450C49844FD93DA8E083C8AD NativeClass:/Script/Engine.PostProcessVolume Name:PostProcessVolume_0 Label:PostProcessVolume SpatiallyLoaded:false EditorBounds:IsValid=true, Min=(X=0.000 Y=0.000 Z=400.000), Max=(X=200.000 Y=200.000 Z=600.000) RuntimeBounds:IsValid=true, Min=(X=0.000 Y=0.000 Z=400.000), Max=(X=200.000 Y=200.000 Z=600.000) RuntimeGrid:None EditorOnly:false RuntimeOnly:false HLODRelevant:false ListedInSceneOutliner:true IsMainWorldOnly:false FolderPath:Lighting FolderGuid:963EC3EB4002CCE9759E2EBA541A873A
 |   |   |- Guid:FF698C67459ADB4982D7759C0905EE9F NativeClass:/Script/Engine.StaticMeshActor Name:StaticMeshActor_6 Label:SM_Cube3 SpatiallyLoaded:true EditorBounds:IsValid=true, Min=(X=0.000 Y=3400.000 Z=0.000), Max=(X=3000.000 Y=3500.000 Z=400.000) RuntimeBounds:IsValid=true, Min=(X=0.000 Y=3400.000 Z=0.000), Max=(X=3000.000 Y=3500.000 Z=400.000) RuntimeGrid:None EditorOnly:false RuntimeOnly:false HLODRelevant:true ListedInSceneOutliner:true IsMainWorldOnly:false FolderPath:Playground FolderGuid:C73F09FC4215536B1DCE2A9E0A830C70
 |   |- [+] Clusters:
 |   |   |- [+] [  0]
 |   |   |   |- Guid:0332FE6C47B8EB9983E5DF864B746947 NativeClass:/Script/Engine.StaticMeshActor Name:StaticMeshActor_UAID_2CF05DA58686B57502_1990536907 Label:SM_Cube8 SpatiallyLoaded:true EditorBounds:IsValid=true, Min=(X=2900.000 Y=2124.646 Z=0.000), Max=(X=3000.000 Y=3414.569 Z=400.000) RuntimeBounds:IsValid=true, Min=(X=2900.000 Y=2124.646 Z=0.000), Max=(X=3000.000 Y=3414.569 Z=400.000) RuntimeGrid:None EditorOnly:false RuntimeOnly:false HLODRelevant:true ListedInSceneOutliner:true IsMainWorldOnly:false FolderPath:Playground FolderGuid:C73F09FC4215536B1DCE2A9E0A830C70
 |   |   |- [+] [  1]
 |   |   |   |- Guid:22103E49435E386FF05FC1ADC07B0BCF BaseClass:/Game/Football/Blueprints/BP_GoalPost.BP_GoalPost_C NativeClass:/Script/Engine.Actor Name:BP_GoalPost_C_UAID_2CF05DA58686B67502_1146342086 Label:BP_GoalPost2 SpatiallyLoaded:true EditorBounds:IsValid=true, Min=(X=-116.870 Y=1332.321 Z=0.063), Max=(X=83.130 Y=2132.321 Z=400.063) RuntimeBounds:IsValid=true, Min=(X=-116.870 Y=1332.321 Z=0.063), Max=(X=83.130 Y=2132.321 Z=400.063) RuntimeGrid:None EditorOnly:false RuntimeOnly:false HLODRelevant:false ListedInSceneOutliner:true IsMainWorldOnly:false
 |   |   |- [+] [  2]
 |   |   |   |- Guid:2FB58999456391D349DC0F86DAC136ED NativeClass:/Script/Engine.SkyLight Name:SkyLight_1 Label:SkyLight SpatiallyLoaded:false EditorBounds:IsValid=true, Min=(X=-1.000 Y=-1.000 Z=-1.000), Max=(X=1.000 Y=1.000 Z=690.000) RuntimeBounds:IsValid=true, Min=(X=0.000 Y=0.000 Z=690.000), Max=(X=0.000 Y=0.000 Z=690.000) RuntimeGrid:None EditorOnly:false RuntimeOnly:false HLODRelevant:false ListedInSceneOutliner:true IsMainWorldOnly:false FolderPath:Lighting FolderGuid:963EC3EB4002CCE9759E2EBA541A873A
 |   |   |- [+] [  3]
 |   |   |   |- Guid:316CF2A6494ACA4C0E4180A87D36AB8F NativeClass:/Script/Engine.ExponentialHeightFog Name:ExponentialHeightFog_0 Label:ExponentialHeightFog SpatiallyLoaded:false EditorBounds:IsValid=true, Min=(X=-5728.000 Y=-178.000 Z=-6978.000), Max=(X=-5472.000 Y=78.000 Z=-6722.000) RuntimeBounds:IsValid=true, Min=(X=-5600.000 Y=-50.000 Z=-6850.000), Max=(X=-5600.000 Y=-50.000 Z=-6850.000) RuntimeGrid:None EditorOnly:false RuntimeOnly:false HLODRelevant:false ListedInSceneOutliner:true IsMainWorldOnly:false FolderPath:Lighting FolderGuid:963EC3EB4002CCE9759E2EBA541A873A
 |   |   |- [+] [  4]
 |   |   |   |- Guid:3685AD8F4E28CC199ACEAABCF569C238 NativeClass:/Script/Engine.PlayerStart Name:PlayerStart_UAID_2CF05DA58686B47502_1912463727 Label:PlayerStart2 SpatiallyLoaded:false EditorBounds:IsValid=true, Min=(X=1332.000 Y=2072.000 Z=-35.987), Max=(X=1700.000 Y=2328.000 Z=220.013) RuntimeBounds:IsValid=true, Min=(X=1420.000 Y=2160.000 Z=0.013), Max=(X=1500.000 Y=2240.000 Z=184.013) RuntimeGrid:None EditorOnly:false RuntimeOnly:false HLODRelevant:false ListedInSceneOutliner:true IsMainWorldOnly:false
 |   |   |- [+] [  5]
 |   |   |   |- Guid:3A00AA1C422CE54C0BDB60BAF471BFBB NativeClass:/Script/Engine.PlayerStart Name:PlayerStart_0 Label:PlayerStart SpatiallyLoaded:false EditorBounds:IsValid=true, Min=(X=1332.000 Y=982.000 Z=-35.987), Max=(X=1700.000 Y=1238.000 Z=220.013) RuntimeBounds:IsValid=true, Min=(X=1420.000 Y=1070.000 Z=0.013), Max=(X=1500.000 Y=1150.000 Z=184.013) RuntimeGrid:None EditorOnly:false RuntimeOnly:false HLODRelevant:false ListedInSceneOutliner:true IsMainWorldOnly:false
 |   |   |- [+] [  6]
 |   |   |   |- Guid:43815E84492231AFC407F59E3C28176B NativeClass:/Script/Engine.StaticMeshActor Name:StaticMeshActor_4 Label:SM_Cube6 SpatiallyLoaded:true EditorBounds:IsValid=true, Min=(X=2900.000 Y=100.000 Z=0.000), Max=(X=3000.000 Y=1336.831 Z=400.000) RuntimeBounds:IsValid=true, Min=(X=2900.000 Y=100.000 Z=0.000), Max=(X=3000.000 Y=1336.831 Z=400.000) RuntimeGrid:None EditorOnly:false RuntimeOnly:false HLODRelevant:true ListedInSceneOutliner:true IsMainWorldOnly:false FolderPath:Playground FolderGuid:C73F09FC4215536B1DCE2A9E0A830C70
 |   |   |- [+] [  7]
 |   |   |   |- Guid:4D3BE93F4146AAAC8BBE79999D96D57F NativeClass:/Script/Engine.VolumetricCloud Name:VolumetricCloud_0 Label:VolumetricCloud SpatiallyLoaded:false EditorBounds:IsValid=true, Min=(X=-128.000 Y=-128.000 Z=692.000), Max=(X=128.000 Y=128.000 Z=948.000) RuntimeBounds:IsValid=true, Min=(X=0.000 Y=0.000 Z=820.000), Max=(X=0.000 Y=0.000 Z=820.000) RuntimeGrid:None EditorOnly:false RuntimeOnly:false HLODRelevant:false ListedInSceneOutliner:true IsMainWorldOnly:false FolderPath:Lighting FolderGuid:963EC3EB4002CCE9759E2EBA541A873A
 |   |   |- [+] [  8]
 |   |   |   |- Guid:6BAF4DDD444C60371492D3919DB42C97 NativeClass:/Script/Engine.WorldDataLayers Name:WorldDataLayers Label:WorldDataLayers SpatiallyLoaded:false EditorBounds:IsValid=false, Min=(X=0.000 Y=0.000 Z=0.000), Max=(X=0.000 Y=0.000 Z=0.000) RuntimeBounds:IsValid=false, Min=(X=0.000 Y=0.000 Z=0.000), Max=(X=0.000 Y=0.000 Z=0.000) RuntimeGrid:None EditorOnly:false RuntimeOnly:false HLODRelevant:false ListedInSceneOutliner:true IsMainWorldOnly:true
 |   |   |- [+] [  9]
 |   |   |   |- Guid:A56216954B2165CF0F35A886B537D536 NativeClass:/Script/Engine.StaticMeshActor Name:StaticMeshActor_0 Label:SM_Cube5 SpatiallyLoaded:true EditorBounds:IsValid=true, Min=(X=-0.000 Y=100.000 Z=0.000), Max=(X=100.000 Y=1339.864 Z=400.000) RuntimeBounds:IsValid=true, Min=(X=-0.000 Y=100.000 Z=0.000), Max=(X=100.000 Y=1339.864 Z=400.000) RuntimeGrid:None EditorOnly:false RuntimeOnly:false HLODRelevant:true ListedInSceneOutliner:true IsMainWorldOnly:false FolderPath:Playground FolderGuid:C73F09FC4215536B1DCE2A9E0A830C70
 |   |   |- [+] [ 10]
 |   |   |   |- Guid:B785ED2844B84CFB91E7F39FE661CD99 NativeClass:/Script/Engine.DirectionalLight Name:DirectionalLight_0 Label:DirectionalLight SpatiallyLoaded:false EditorBounds:IsValid=false, Min=(X=0.000 Y=0.000 Z=0.000), Max=(X=0.000 Y=0.000 Z=0.000) RuntimeBounds:IsValid=false, Min=(X=0.000 Y=0.000 Z=0.000), Max=(X=0.000 Y=0.000 Z=0.000) RuntimeGrid:None EditorOnly:false RuntimeOnly:false HLODRelevant:false ListedInSceneOutliner:true IsMainWorldOnly:false FolderPath:Lighting FolderGuid:963EC3EB4002CCE9759E2EBA541A873A
 |   |   |- [+] [ 11]
 |   |   |   |- Guid:BC08B79C4EA3C961CFF75EBBE83B367D NativeClass:/Script/Engine.StaticMeshActor Name:StaticMeshActor_5 Label:SM_Cube2 SpatiallyLoaded:true EditorBounds:IsValid=true, Min=(X=0.000 Y=0.000 Z=0.000), Max=(X=3000.000 Y=100.000 Z=400.000) RuntimeBounds:IsValid=true, Min=(X=0.000 Y=0.000 Z=0.000), Max=(X=3000.000 Y=100.000 Z=400.000) RuntimeGrid:None EditorOnly:false RuntimeOnly:false HLODRelevant:true ListedInSceneOutliner:true IsMainWorldOnly:false FolderPath:Playground FolderGuid:C73F09FC4215536B1DCE2A9E0A830C70
 |   |   |- [+] [ 12]
 |   |   |   |- Guid:CCFF262C46EEFFDF319E7F9539CE697E NativeClass:/Script/Engine.SkyAtmosphere Name:SkyAtmosphere_0 Label:SkyAtmosphere SpatiallyLoaded:false EditorBounds:IsValid=true, Min=(X=-128.000 Y=-128.000 Z=892.000), Max=(X=240.000 Y=128.000 Z=1148.000) RuntimeBounds:IsValid=true, Min=(X=0.000 Y=0.000 Z=1020.000), Max=(X=0.000 Y=0.000 Z=1020.000) RuntimeGrid:None EditorOnly:false RuntimeOnly:false HLODRelevant:false ListedInSceneOutliner:true IsMainWorldOnly:false FolderPath:Lighting FolderGuid:963EC3EB4002CCE9759E2EBA541A873A
 |   |   |- [+] [ 13]
 |   |   |   |- Guid:D065AB2C417B7E0F358CBEAE1E8D9422 NativeClass:/Script/Engine.StaticMeshActor Name:StaticMeshActor_UAID_2CF05DA58686B57502_1855034906 Label:SM_Cube7 SpatiallyLoaded:true EditorBounds:IsValid=true, Min=(X=-0.000 Y=2133.310 Z=-0.000), Max=(X=100.000 Y=3477.531 Z=400.000) RuntimeBounds:IsValid=true, Min=(X=-0.000 Y=2133.310 Z=-0.000), Max=(X=100.000 Y=3477.531 Z=400.000) RuntimeGrid:None EditorOnly:false RuntimeOnly:false HLODRelevant:true ListedInSceneOutliner:true IsMainWorldOnly:false FolderPath:Playground FolderGuid:C73F09FC4215536B1DCE2A9E0A830C70
 |   |   |- [+] [ 14]
 |   |   |   |- Guid:EAF0CFCB498C91D09B02A1B4DB250EDB BaseClass:/Game/Football/Blueprints/BP_GoalPost.BP_GoalPost_C NativeClass:/Script/Engine.Actor Name:BP_GoalPost_C_UAID_2CF05DA58686B67502_1080945085 Label:BP_GoalPost SpatiallyLoaded:true EditorBounds:IsValid=true, Min=(X=2907.294 Y=1332.321 Z=0.063), Max=(X=3107.294 Y=2132.321 Z=400.063) RuntimeBounds:IsValid=true, Min=(X=2907.294 Y=1332.321 Z=0.063), Max=(X=3107.294 Y=2132.321 Z=400.063) RuntimeGrid:None EditorOnly:false RuntimeOnly:false HLODRelevant:false ListedInSceneOutliner:true IsMainWorldOnly:false
 |   |   |- [+] [ 15]
 |   |   |   |- Guid:EC4E0C944CE6AC6E784BC6BB2916EA13 NativeClass:/Script/Engine.StaticMeshActor Name:StaticMeshActor_UAID_A4AE111137DC5EFB00_1110535423 Label:SM_SkySphere SpatiallyLoaded:false EditorBounds:IsValid=true, Min=(X=-1638400.000 Y=-1638400.000 Z=-1638400.000), Max=(X=1638400.000 Y=1638400.000 Z=1638400.000) RuntimeBounds:IsValid=true, Min=(X=-1638400.000 Y=-1638400.000 Z=-1638400.000), Max=(X=1638400.000 Y=1638400.000 Z=1638400.000) RuntimeGrid:None EditorOnly:false RuntimeOnly:false HLODRelevant:false ListedInSceneOutliner:true IsMainWorldOnly:false FolderPath:Lighting FolderGuid:963EC3EB4002CCE9759E2EBA541A873A
 |   |   |- [+] [ 16]
 |   |   |   |- Guid:EEB1D87F42815BFD9FCF93A2DD8F9B0F BaseClass:/Game/Football/Blueprints/BP_Ball.BP_Ball_C NativeClass:/Script/Engine.Actor Name:BP_Ball_C_UAID_2CF05DA58686B67502_1551845087 Label:BP_Ball SpatiallyLoaded:true EditorBounds:IsValid=true, Min=(X=1501.995 Y=1689.358 Z=221.299), Max=(X=1601.995 Y=1789.358 Z=321.299) RuntimeBounds:IsValid=true, Min=(X=1501.995 Y=1689.358 Z=221.299), Max=(X=1601.995 Y=1789.358 Z=321.299) RuntimeGrid:None EditorOnly:false RuntimeOnly:false HLODRelevant:false ListedInSceneOutliner:true IsMainWorldOnly:false
 |   |   |- [+] [ 17]
 |   |   |   |- Guid:F1924B8D48954B30891B2DB6A694F9CC NativeClass:/Script/Engine.StaticMeshActor Name:StaticMeshActor_1 Label:SM_Cube SpatiallyLoaded:true EditorBounds:IsValid=true, Min=(X=-196.488 Y=-101.733 Z=-50.000), Max=(X=3252.430 Y=3638.067 Z=0.000) RuntimeBounds:IsValid=true, Min=(X=-196.488 Y=-101.733 Z=-50.000), Max=(X=3252.430 Y=3638.067 Z=0.000) RuntimeGrid:None EditorOnly:false RuntimeOnly:false HLODRelevant:true ListedInSceneOutliner:true IsMainWorldOnly:false FolderPath:Playground FolderGuid:C73F09FC4215536B1DCE2A9E0A830C70
 |   |   |- [+] [ 18]
 |   |   |   |- Guid:F5E3FEB3450C49844FD93DA8E083C8AD NativeClass:/Script/Engine.PostProcessVolume Name:PostProcessVolume_0 Label:PostProcessVolume SpatiallyLoaded:false EditorBounds:IsValid=true, Min=(X=0.000 Y=0.000 Z=400.000), Max=(X=200.000 Y=200.000 Z=600.000) RuntimeBounds:IsValid=true, Min=(X=0.000 Y=0.000 Z=400.000), Max=(X=200.000 Y=200.000 Z=600.000) RuntimeGrid:None EditorOnly:false RuntimeOnly:false HLODRelevant:false ListedInSceneOutliner:true IsMainWorldOnly:false FolderPath:Lighting FolderGuid:963EC3EB4002CCE9759E2EBA541A873A
 |   |   |- [+] [ 19]
 |   |   |   |- Guid:FF698C67459ADB4982D7759C0905EE9F NativeClass:/Script/Engine.StaticMeshActor Name:StaticMeshActor_6 Label:SM_Cube3 SpatiallyLoaded:true EditorBounds:IsValid=true, Min=(X=0.000 Y=3400.000 Z=0.000), Max=(X=3000.000 Y=3500.000 Z=400.000) RuntimeBounds:IsValid=true, Min=(X=0.000 Y=3400.000 Z=0.000), Max=(X=3000.000 Y=3500.000 Z=400.000) RuntimeGrid:None EditorOnly:false RuntimeOnly:false HLODRelevant:true ListedInSceneOutliner:true IsMainWorldOnly:false FolderPath:Playground FolderGuid:C73F09FC4215536B1DCE2A9E0A830C70
 |- ContainerInstances:
 |- [+] MainContainer:
 |   |-        ID: 00000000000000000000000000000000
 |   |-  ParentID: 00000000000000000000000000000000
 |   |-    Bounds: IsValid=false, Min=(X=0.000 Y=0.000 Z=0.000), Max=(X=0.000 Y=0.000 Z=0.000)
 |   |- Transform: 0.000000,0.000000,0.000000|0.000000,0.000000,-0.000000|1.000000,1.000000,1.000000
 |   |- Container: /Game/Football/Maps/ThirdPersonMap
----------------------------------------------------------------------------------------------------------------
ThirdPersonMap - Persistent Level
----------------------------------------------------------------------------------------------------------------
[+] Content of ThirdPersonMap Persistent Level
 |- Always loaded Actor Count: 20 
 |- Actor Path: /Game/Football/Maps/UEDPIE_2_ThirdPersonMap.ThirdPersonMap:PersistentLevel.BP_Ball_C_UAID_2CF05DA58686B67502_1551845087
 |- Actor Package: /Game/Football/Maps/UEDPIE_2_ThirdPersonMap_InstanceOf_/Game/__ExternalActors__/Football/Maps/ThirdPersonMap/1/16/1BGPTPV5TZSUBHM1U01AJC
 |- Actor Path: /Game/Football/Maps/UEDPIE_2_ThirdPersonMap.ThirdPersonMap:PersistentLevel.BP_GoalPost_C_UAID_2CF05DA58686B67502_1080945085
 |- Actor Package: /Game/Football/Maps/UEDPIE_2_ThirdPersonMap_InstanceOf_/Game/__ExternalActors__/Football/Maps/ThirdPersonMap/9/FS/5H24RE7A2HM44XVXJEIG08
 |- Actor Path: /Game/Football/Maps/UEDPIE_2_ThirdPersonMap.ThirdPersonMap:PersistentLevel.BP_GoalPost_C_UAID_2CF05DA58686B67502_1146342086
 |- Actor Package: /Game/Football/Maps/UEDPIE_2_ThirdPersonMap_InstanceOf_/Game/__ExternalActors__/Football/Maps/ThirdPersonMap/2/TK/SBHVJ34JQ1TEDBAMRHYT5D
 |- Actor Path: /Game/Football/Maps/UEDPIE_2_ThirdPersonMap.ThirdPersonMap:PersistentLevel.DirectionalLight_0
 |- Actor Package: /Game/Football/Maps/UEDPIE_2_ThirdPersonMap_InstanceOf_/Game/__ExternalActors__/Football/Maps/ThirdPersonMap/5/TC/Z0ZYJPOQV569Z4UTX3E7NE
 |- Actor Path: /Game/Football/Maps/UEDPIE_2_ThirdPersonMap.ThirdPersonMap:PersistentLevel.ExponentialHeightFog_0
 |- Actor Package: /Game/Football/Maps/UEDPIE_2_ThirdPersonMap_InstanceOf_/Game/__ExternalActors__/Football/Maps/ThirdPersonMap/9/X0/PJP4NKVPAJ54LK5INAVLDS
 |- Actor Path: /Game/Football/Maps/UEDPIE_2_ThirdPersonMap.ThirdPersonMap:PersistentLevel.PlayerStart_0
 |- Actor Package: /Game/Football/Maps/UEDPIE_2_ThirdPersonMap_InstanceOf_/Game/__ExternalActors__/Football/Maps/ThirdPersonMap/9/0S/111K2QCXHI38VLUMC4K1HD
 |- Actor Path: /Game/Football/Maps/UEDPIE_2_ThirdPersonMap.ThirdPersonMap:PersistentLevel.PlayerStart_UAID_2CF05DA58686B47502_1912463727
 |- Actor Package: /Game/Football/Maps/UEDPIE_2_ThirdPersonMap_InstanceOf_/Game/__ExternalActors__/Football/Maps/ThirdPersonMap/2/62/BSMYPOYC3UVIIEPQ1JM8N1
 |- Actor Path: /Game/Football/Maps/UEDPIE_2_ThirdPersonMap.ThirdPersonMap:PersistentLevel.PostProcessVolume_0
 |- Actor Package: /Game/Football/Maps/UEDPIE_2_ThirdPersonMap_InstanceOf_/Game/__ExternalActors__/Football/Maps/ThirdPersonMap/9/00/JZM0E2L4YX84JAQGNRQA89
 |- Actor Path: /Game/Football/Maps/UEDPIE_2_ThirdPersonMap.ThirdPersonMap:PersistentLevel.SkyAtmosphere_0
 |- Actor Package: /Game/Football/Maps/UEDPIE_2_ThirdPersonMap_InstanceOf_/Game/__ExternalActors__/Football/Maps/ThirdPersonMap/1/UC/SOBV1IT5PTPSQ5XD5Z14LX
 |- Actor Path: /Game/Football/Maps/UEDPIE_2_ThirdPersonMap.ThirdPersonMap:PersistentLevel.SkyLight_1
 |- Actor Package: /Game/Football/Maps/UEDPIE_2_ThirdPersonMap_InstanceOf_/Game/__ExternalActors__/Football/Maps/ThirdPersonMap/B/NW/F8UMBMSFKHRJPJYR3RMGV2
 |- Actor Path: /Game/Football/Maps/UEDPIE_2_ThirdPersonMap.ThirdPersonMap:PersistentLevel.StaticMeshActor_0
 |- Actor Package: /Game/Football/Maps/UEDPIE_2_ThirdPersonMap_InstanceOf_/Game/__ExternalActors__/Football/Maps/ThirdPersonMap/3/SH/D11DY0W1UR2FLW2FX9F112
 |- Actor Path: /Game/Football/Maps/UEDPIE_2_ThirdPersonMap.ThirdPersonMap:PersistentLevel.StaticMeshActor_1
 |- Actor Package: /Game/Football/Maps/UEDPIE_2_ThirdPersonMap_InstanceOf_/Game/__ExternalActors__/Football/Maps/ThirdPersonMap/2/EK/IMWCRYESCJW2JNG0ZN0SL4
 |- Actor Path: /Game/Football/Maps/UEDPIE_2_ThirdPersonMap.ThirdPersonMap:PersistentLevel.StaticMeshActor_4
 |- Actor Package: /Game/Football/Maps/UEDPIE_2_ThirdPersonMap_InstanceOf_/Game/__ExternalActors__/Football/Maps/ThirdPersonMap/8/6L/A07KCP2BY07P9N6LN8VFGH
 |- Actor Path: /Game/Football/Maps/UEDPIE_2_ThirdPersonMap.ThirdPersonMap:PersistentLevel.StaticMeshActor_5
 |- Actor Package: /Game/Football/Maps/UEDPIE_2_ThirdPersonMap_InstanceOf_/Game/__ExternalActors__/Football/Maps/ThirdPersonMap/1/GR/AGN0MIHL195BRGK8DVHO3R
 |- Actor Path: /Game/Football/Maps/UEDPIE_2_ThirdPersonMap.ThirdPersonMap:PersistentLevel.StaticMeshActor_6
 |- Actor Package: /Game/Football/Maps/UEDPIE_2_ThirdPersonMap_InstanceOf_/Game/__ExternalActors__/Football/Maps/ThirdPersonMap/7/CJ/RFUI11GWAGJENIOTY92EIA
 |- Actor Path: /Game/Football/Maps/UEDPIE_2_ThirdPersonMap.ThirdPersonMap:PersistentLevel.StaticMeshActor_UAID_2CF05DA58686B57502_1855034906
 |- Actor Package: /Game/Football/Maps/UEDPIE_2_ThirdPersonMap_InstanceOf_/Game/__ExternalActors__/Football/Maps/ThirdPersonMap/A/0C/03U34DK9882D2LAAVHI6OO
 |- Actor Path: /Game/Football/Maps/UEDPIE_2_ThirdPersonMap.ThirdPersonMap:PersistentLevel.StaticMeshActor_UAID_2CF05DA58686B57502_1990536907
 |- Actor Package: /Game/Football/Maps/UEDPIE_2_ThirdPersonMap_InstanceOf_/Game/__ExternalActors__/Football/Maps/ThirdPersonMap/D/6T/XFP0O6S9JMPDCUWW38O9SL
 |- Actor Path: /Game/Football/Maps/UEDPIE_2_ThirdPersonMap.ThirdPersonMap:PersistentLevel.StaticMeshActor_UAID_A4AE111137DC5EFB00_1110535423
 |- Actor Package: /Game/Football/Maps/UEDPIE_2_ThirdPersonMap_InstanceOf_/Game/__ExternalActors__/Football/Maps/ThirdPersonMap/2/KA/J0M6Y6ABN6RSD2D6VZ0N3S
 |- Actor Path: /Game/Football/Maps/UEDPIE_2_ThirdPersonMap.ThirdPersonMap:PersistentLevel.VolumetricCloud_0
 |- Actor Package: /Game/Football/Maps/UEDPIE_2_ThirdPersonMap_InstanceOf_/Game/__ExternalActors__/Football/Maps/ThirdPersonMap/8/8P/Y8DB6GSLQJ33MK42MLUC1R
 |- Actor Path: /Game/Football/Maps/UEDPIE_2_ThirdPersonMap.ThirdPersonMap:PersistentLevel.WorldDataLayers
 |- Actor Package: /Game/Football/Maps/UEDPIE_2_ThirdPersonMap_InstanceOf_/Game/__ExternalActors__/Football/Maps/ThirdPersonMap/C/R3/NM460SRWUAIGV2326KICDB

----------------------------------------------------------------------------------------------------------------
ThirdPersonMap - Runtime Hash Set
----------------------------------------------------------------------------------------------------------------

